<?xml version="1.0" encoding="UTF-8"?>
<coverage generated="1690476274573" clover="3.2.0">
  <project timestamp="1690476274574" name="All files">
    <metrics statements="19" coveredstatements="18" conditionals="14" coveredconditionals="13" methods="3" coveredmethods="3" elements="36" coveredelements="34" complexity="0" loc="19" ncloc="19" packages="1" files="1" classes="1"/>
    <file name="robot.js" path="C:\Users\Andrea\Desktop\PROGRAMA TOP\FASE PRINCIPAL\SPRINT 3\robot-simulator\src\robot.js">
      <metrics statements="19" coveredstatements="18" conditionals="14" coveredconditionals="13" methods="3" coveredmethods="3"/>
      <line num="2" count="2" type="stmt"/>
      <line num="3" count="2" type="stmt"/>
      <line num="4" count="2" type="stmt"/>
      <line num="8" count="2" type="stmt"/>
      <line num="9" count="2" type="stmt"/>
      <line num="10" count="2" type="stmt"/>
      <line num="11" count="2" type="cond" truecount="1" falsecount="1"/>
      <line num="12" count="0" type="stmt"/>
      <line num="15" count="2" type="cond" truecount="6" falsecount="0"/>
      <line num="16" count="1" type="stmt"/>
      <line num="19" count="1" type="stmt"/>
      <line num="21" count="1" type="stmt"/>
      <line num="26" count="2" type="stmt"/>
      <line num="27" count="2" type="cond" truecount="6" falsecount="0"/>
      <line num="28" count="1" type="stmt"/>
      <line num="31" count="1" type="stmt"/>
      <line num="33" count="1" type="stmt"/>
      <line num="38" count="2" type="stmt"/>
      <line num="65" count="1" type="stmt"/>
    </file>
  </project>
</coverage>
