<?xml version="1.0" encoding="UTF-8"?>
<coverage generated="1690855598671" clover="3.2.0">
  <project timestamp="1690855598671" name="All files">
    <metrics statements="52" coveredstatements="52" conditionals="38" coveredconditionals="35" methods="10" coveredmethods="10" elements="100" coveredelements="97" complexity="0" loc="52" ncloc="52" packages="1" files="1" classes="1"/>
    <file name="robot.js" path="C:\Users\Andrea\Desktop\PROGRAMA TOP\FASE PRINCIPAL\SPRINT 3\Robot--simulator\src\robot.js">
      <metrics statements="52" coveredstatements="52" conditionals="38" coveredconditionals="35" methods="10" coveredmethods="10"/>
      <line num="2" count="20" type="stmt"/>
      <line num="3" count="20" type="stmt"/>
      <line num="4" count="20" type="stmt"/>
      <line num="8" count="20" type="stmt"/>
      <line num="9" count="20" type="stmt"/>
      <line num="10" count="20" type="stmt"/>
      <line num="11" count="20" type="cond" truecount="2" falsecount="0"/>
      <line num="12" count="1" type="stmt"/>
      <line num="15" count="19" type="cond" truecount="6" falsecount="0"/>
      <line num="16" count="2" type="stmt"/>
      <line num="19" count="17" type="stmt"/>
      <line num="21" count="3" type="stmt"/>
      <line num="26" count="17" type="stmt"/>
      <line num="27" count="17" type="cond" truecount="6" falsecount="0"/>
      <line num="28" count="1" type="stmt"/>
      <line num="31" count="16" type="stmt"/>
      <line num="33" count="1" type="stmt"/>
      <line num="37" count="20" type="stmt"/>
      <line num="38" count="5" type="cond" truecount="2" falsecount="0"/>
      <line num="39" count="1" type="stmt"/>
      <line num="40" count="4" type="cond" truecount="2" falsecount="0"/>
      <line num="41" count="2" type="stmt"/>
      <line num="42" count="2" type="cond" truecount="2" falsecount="0"/>
      <line num="43" count="1" type="stmt"/>
      <line num="44" count="1" type="cond" truecount="1" falsecount="1"/>
      <line num="45" count="1" type="stmt"/>
      <line num="50" count="20" type="stmt"/>
      <line num="51" count="5" type="cond" truecount="2" falsecount="0"/>
      <line num="52" count="1" type="stmt"/>
      <line num="53" count="4" type="cond" truecount="2" falsecount="0"/>
      <line num="54" count="1" type="stmt"/>
      <line num="55" count="3" type="cond" truecount="2" falsecount="0"/>
      <line num="56" count="1" type="stmt"/>
      <line num="57" count="2" type="cond" truecount="1" falsecount="1"/>
      <line num="58" count="2" type="stmt"/>
      <line num="62" count="20" type="stmt"/>
      <line num="63" count="5" type="cond" truecount="2" falsecount="0"/>
      <line num="64" count="1" type="stmt"/>
      <line num="65" count="4" type="cond" truecount="2" falsecount="0"/>
      <line num="66" count="1" type="stmt"/>
      <line num="67" count="3" type="cond" truecount="2" falsecount="0"/>
      <line num="68" count="2" type="stmt"/>
      <line num="69" count="1" type="cond" truecount="1" falsecount="1"/>
      <line num="70" count="1" type="stmt"/>
      <line num="75" count="3" type="stmt"/>
      <line num="76" count="1" type="stmt"/>
      <line num="77" count="1" type="stmt"/>
      <line num="78" count="1" type="stmt"/>
      <line num="80" count="3" type="stmt"/>
      <line num="81" count="3" type="stmt"/>
      <line num="85" count="20" type="stmt"/>
      <line num="96" count="1" type="stmt"/>
    </file>
  </project>
</coverage>
