{"C:\\Users\\Andrea\\Desktop\\PROGRAMA TOP\\FASE PRINCIPAL\\SPRINT 3\\Robot--simulator\\src\\robot.js": {"path":"C:\\Users\\Andrea\\Desktop\\PROGRAMA TOP\\FASE PRINCIPAL\\SPRINT 3\\Robot--simulator\\src\\robot.js","statementMap":{"0":{"start":{"line":2,"column":29},"end":{"line":2,"column":63}},"1":{"start":{"line":3,"column":15},"end":{"line":3,"column":26}},"2":{"start":{"line":4,"column":20},"end":{"line":4,"column":29}},"3":{"start":{"line":8,"column":2},"end":{"line":23,"column":6}},"4":{"start":{"line":9,"column":4},"end":{"line":22,"column":5}},"5":{"start":{"line":10,"column":22},"end":{"line":10,"column":60}},"6":{"start":{"line":11,"column":6},"end":{"line":13,"column":7}},"7":{"start":{"line":12,"column":8},"end":{"line":12,"column":46}},"8":{"start":{"line":15,"column":6},"end":{"line":17,"column":7}},"9":{"start":{"line":16,"column":8},"end":{"line":16,"column":46}},"10":{"start":{"line":19,"column":6},"end":{"line":19,"column":44}},"11":{"start":{"line":21,"column":6},"end":{"line":21,"column":29}},"12":{"start":{"line":26,"column":4},"end":{"line":34,"column":5}},"13":{"start":{"line":27,"column":6},"end":{"line":29,"column":7}},"14":{"start":{"line":28,"column":8},"end":{"line":28,"column":40}},"15":{"start":{"line":31,"column":6},"end":{"line":31,"column":49}},"16":{"start":{"line":33,"column":6},"end":{"line":33,"column":26}},"17":{"start":{"line":37,"column":18},"end":{"line":47,"column":3}},"18":{"start":{"line":38,"column":4},"end":{"line":46,"column":5}},"19":{"start":{"line":39,"column":6},"end":{"line":39,"column":15}},"20":{"start":{"line":40,"column":11},"end":{"line":46,"column":5}},"21":{"start":{"line":41,"column":6},"end":{"line":41,"column":15}},"22":{"start":{"line":42,"column":11},"end":{"line":46,"column":5}},"23":{"start":{"line":43,"column":6},"end":{"line":43,"column":15}},"24":{"start":{"line":44,"column":11},"end":{"line":46,"column":5}},"25":{"start":{"line":45,"column":6},"end":{"line":45,"column":15}},"26":{"start":{"line":50,"column":20},"end":{"line":60,"column":3}},"27":{"start":{"line":51,"column":4},"end":{"line":59,"column":5}},"28":{"start":{"line":52,"column":6},"end":{"line":52,"column":26}},"29":{"start":{"line":53,"column":11},"end":{"line":59,"column":5}},"30":{"start":{"line":54,"column":6},"end":{"line":54,"column":27}},"31":{"start":{"line":55,"column":11},"end":{"line":59,"column":5}},"32":{"start":{"line":56,"column":6},"end":{"line":56,"column":26}},"33":{"start":{"line":57,"column":11},"end":{"line":59,"column":5}},"34":{"start":{"line":58,"column":6},"end":{"line":58,"column":27}},"35":{"start":{"line":62,"column":19},"end":{"line":71,"column":3}},"36":{"start":{"line":63,"column":4},"end":{"line":70,"column":26}},"37":{"start":{"line":64,"column":6},"end":{"line":64,"column":26}},"38":{"start":{"line":65,"column":11},"end":{"line":70,"column":26}},"39":{"start":{"line":66,"column":4},"end":{"line":66,"column":25}},"40":{"start":{"line":67,"column":11},"end":{"line":70,"column":26}},"41":{"start":{"line":68,"column":4},"end":{"line":68,"column":24}},"42":{"start":{"line":69,"column":11},"end":{"line":70,"column":26}},"43":{"start":{"line":70,"column":4},"end":{"line":70,"column":25}},"44":{"start":{"line":75,"column":20},"end":{"line":79,"column":5}},"45":{"start":{"line":76,"column":15},"end":{"line":76,"column":24}},"46":{"start":{"line":77,"column":15},"end":{"line":77,"column":26}},"47":{"start":{"line":78,"column":15},"end":{"line":78,"column":25}},"48":{"start":{"line":80,"column":4},"end":{"line":82,"column":5}},"49":{"start":{"line":81,"column":6},"end":{"line":81,"column":26}},"50":{"start":{"line":85,"column":2},"end":{"line":92,"column":3}},"51":{"start":{"line":96,"column":0},"end":{"line":96,"column":29}}},"fnMap":{"0":{"name":"createRobot","decl":{"start":{"line":1,"column":9},"end":{"line":1,"column":20}},"loc":{"start":{"line":1,"column":45},"end":{"line":94,"column":3}},"line":1},"1":{"name":"validateParameters","decl":{"start":{"line":8,"column":12},"end":{"line":8,"column":30}},"loc":{"start":{"line":8,"column":34},"end":{"line":23,"column":3}},"line":8},"2":{"name":"getPosition","decl":{"start":{"line":25,"column":11},"end":{"line":25,"column":22}},"loc":{"start":{"line":25,"column":25},"end":{"line":35,"column":3}},"line":25},"3":{"name":"(anonymous_3)","decl":{"start":{"line":37,"column":18},"end":{"line":37,"column":19}},"loc":{"start":{"line":37,"column":24},"end":{"line":47,"column":3}},"line":37},"4":{"name":"(anonymous_4)","decl":{"start":{"line":50,"column":20},"end":{"line":50,"column":21}},"loc":{"start":{"line":50,"column":26},"end":{"line":60,"column":3}},"line":50},"5":{"name":"(anonymous_5)","decl":{"start":{"line":62,"column":19},"end":{"line":62,"column":20}},"loc":{"start":{"line":62,"column":25},"end":{"line":71,"column":3}},"line":62},"6":{"name":"instructions","decl":{"start":{"line":74,"column":11},"end":{"line":74,"column":23}},"loc":{"start":{"line":74,"column":32},"end":{"line":83,"column":3}},"line":74},"7":{"name":"(anonymous_7)","decl":{"start":{"line":76,"column":9},"end":{"line":76,"column":10}},"loc":{"start":{"line":76,"column":15},"end":{"line":76,"column":24}},"line":76},"8":{"name":"(anonymous_8)","decl":{"start":{"line":77,"column":9},"end":{"line":77,"column":10}},"loc":{"start":{"line":77,"column":15},"end":{"line":77,"column":26}},"line":77},"9":{"name":"(anonymous_9)","decl":{"start":{"line":78,"column":9},"end":{"line":78,"column":10}},"loc":{"start":{"line":78,"column":15},"end":{"line":78,"column":25}},"line":78}},"branchMap":{"0":{"loc":{"start":{"line":11,"column":6},"end":{"line":13,"column":7}},"type":"if","locations":[{"start":{"line":11,"column":6},"end":{"line":13,"column":7}},{"start":{},"end":{}}],"line":11},"1":{"loc":{"start":{"line":15,"column":6},"end":{"line":17,"column":7}},"type":"if","locations":[{"start":{"line":15,"column":6},"end":{"line":17,"column":7}},{"start":{},"end":{}}],"line":15},"2":{"loc":{"start":{"line":15,"column":10},"end":{"line":15,"column":44}},"type":"binary-expr","locations":[{"start":{"line":15,"column":10},"end":{"line":15,"column":16}},{"start":{"line":15,"column":20},"end":{"line":15,"column":26}},{"start":{"line":15,"column":30},"end":{"line":15,"column":35}},{"start":{"line":15,"column":39},"end":{"line":15,"column":44}}],"line":15},"3":{"loc":{"start":{"line":27,"column":6},"end":{"line":29,"column":7}},"type":"if","locations":[{"start":{"line":27,"column":6},"end":{"line":29,"column":7}},{"start":{},"end":{}}],"line":27},"4":{"loc":{"start":{"line":27,"column":10},"end":{"line":27,"column":44}},"type":"binary-expr","locations":[{"start":{"line":27,"column":10},"end":{"line":27,"column":16}},{"start":{"line":27,"column":20},"end":{"line":27,"column":26}},{"start":{"line":27,"column":30},"end":{"line":27,"column":35}},{"start":{"line":27,"column":39},"end":{"line":27,"column":44}}],"line":27},"5":{"loc":{"start":{"line":38,"column":4},"end":{"line":46,"column":5}},"type":"if","locations":[{"start":{"line":38,"column":4},"end":{"line":46,"column":5}},{"start":{"line":40,"column":11},"end":{"line":46,"column":5}}],"line":38},"6":{"loc":{"start":{"line":40,"column":11},"end":{"line":46,"column":5}},"type":"if","locations":[{"start":{"line":40,"column":11},"end":{"line":46,"column":5}},{"start":{"line":42,"column":11},"end":{"line":46,"column":5}}],"line":40},"7":{"loc":{"start":{"line":42,"column":11},"end":{"line":46,"column":5}},"type":"if","locations":[{"start":{"line":42,"column":11},"end":{"line":46,"column":5}},{"start":{"line":44,"column":11},"end":{"line":46,"column":5}}],"line":42},"8":{"loc":{"start":{"line":44,"column":11},"end":{"line":46,"column":5}},"type":"if","locations":[{"start":{"line":44,"column":11},"end":{"line":46,"column":5}},{"start":{},"end":{}}],"line":44},"9":{"loc":{"start":{"line":51,"column":4},"end":{"line":59,"column":5}},"type":"if","locations":[{"start":{"line":51,"column":4},"end":{"line":59,"column":5}},{"start":{"line":53,"column":11},"end":{"line":59,"column":5}}],"line":51},"10":{"loc":{"start":{"line":53,"column":11},"end":{"line":59,"column":5}},"type":"if","locations":[{"start":{"line":53,"column":11},"end":{"line":59,"column":5}},{"start":{"line":55,"column":11},"end":{"line":59,"column":5}}],"line":53},"11":{"loc":{"start":{"line":55,"column":11},"end":{"line":59,"column":5}},"type":"if","locations":[{"start":{"line":55,"column":11},"end":{"line":59,"column":5}},{"start":{"line":57,"column":11},"end":{"line":59,"column":5}}],"line":55},"12":{"loc":{"start":{"line":57,"column":11},"end":{"line":59,"column":5}},"type":"if","locations":[{"start":{"line":57,"column":11},"end":{"line":59,"column":5}},{"start":{},"end":{}}],"line":57},"13":{"loc":{"start":{"line":63,"column":4},"end":{"line":70,"column":26}},"type":"if","locations":[{"start":{"line":63,"column":4},"end":{"line":70,"column":26}},{"start":{"line":65,"column":11},"end":{"line":70,"column":26}}],"line":63},"14":{"loc":{"start":{"line":65,"column":11},"end":{"line":70,"column":26}},"type":"if","locations":[{"start":{"line":65,"column":11},"end":{"line":70,"column":26}},{"start":{"line":67,"column":11},"end":{"line":70,"column":26}}],"line":65},"15":{"loc":{"start":{"line":67,"column":11},"end":{"line":70,"column":26}},"type":"if","locations":[{"start":{"line":67,"column":11},"end":{"line":70,"column":26}},{"start":{"line":69,"column":11},"end":{"line":70,"column":26}}],"line":67},"16":{"loc":{"start":{"line":69,"column":11},"end":{"line":70,"column":26}},"type":"if","locations":[{"start":{"line":69,"column":11},"end":{"line":70,"column":26}},{"start":{},"end":{}}],"line":69}},"s":{"0":20,"1":20,"2":20,"3":20,"4":20,"5":20,"6":20,"7":1,"8":19,"9":2,"10":17,"11":3,"12":17,"13":17,"14":1,"15":16,"16":1,"17":20,"18":5,"19":1,"20":4,"21":2,"22":2,"23":1,"24":1,"25":1,"26":20,"27":5,"28":1,"29":4,"30":1,"31":3,"32":1,"33":2,"34":2,"35":20,"36":5,"37":1,"38":4,"39":1,"40":3,"41":2,"42":1,"43":1,"44":3,"45":1,"46":1,"47":1,"48":3,"49":3,"50":20,"51":1},"f":{"0":20,"1":20,"2":17,"3":5,"4":5,"5":5,"6":3,"7":1,"8":1,"9":1},"b":{"0":[1,19],"1":[2,17],"2":[19,17,17,17],"3":[1,16],"4":[17,16,16,16],"5":[1,4],"6":[2,2],"7":[1,1],"8":[1,0],"9":[1,4],"10":[1,3],"11":[1,2],"12":[2,0],"13":[1,4],"14":[1,3],"15":[2,1],"16":[1,0]},"_coverageSchema":"1a1c01bbd47fc00a2c39e90264f33305004495a9","hash":"6ac6c9bebdf541f366214be27458d3118f1af459"}
}
