TN:
SF:src\robot.js
FN:1,createRobot
FN:8,validateParameters
FN:25,getPosition
FNF:3
FNH:3
FNDA:2,createRobot
FNDA:2,validateParameters
FNDA:2,getPosition
DA:2,2
DA:3,2
DA:4,2
DA:8,2
DA:9,2
DA:10,2
DA:11,2
DA:12,0
DA:15,2
DA:16,1
DA:19,1
DA:21,1
DA:26,2
DA:27,2
DA:28,1
DA:31,1
DA:33,1
DA:38,2
DA:65,1
LF:19
LH:18
BRDA:11,0,0,0
BRDA:11,0,1,2
BRDA:15,1,0,1
BRDA:15,1,1,1
BRDA:15,2,0,2
BRDA:15,2,1,1
BRDA:15,2,2,1
BRDA:15,2,3,1
BRDA:27,3,0,1
BRDA:27,3,1,1
BRDA:27,4,0,2
BRDA:27,4,1,1
BRDA:27,4,2,1
BRDA:27,4,3,1
BRF:14
BRH:13
end_of_record
