TN:
SF:src\robot.js
FN:1,createRobot
FN:8,validateParameters
FN:25,getPosition
FN:37,(anonymous_3)
FN:50,(anonymous_4)
FN:62,(anonymous_5)
FN:74,instructions
FN:76,(anonymous_7)
FN:77,(anonymous_8)
FN:78,(anonymous_9)
FNF:10
FNH:10
FNDA:20,createRobot
FNDA:20,validateParameters
FNDA:17,getPosition
FNDA:5,(anonymous_3)
FNDA:5,(anonymous_4)
FNDA:5,(anonymous_5)
FNDA:3,instructions
FNDA:1,(anonymous_7)
FNDA:1,(anonymous_8)
FNDA:1,(anonymous_9)
DA:2,20
DA:3,20
DA:4,20
DA:8,20
DA:9,20
DA:10,20
DA:11,20
DA:12,1
DA:15,19
DA:16,2
DA:19,17
DA:21,3
DA:26,17
DA:27,17
DA:28,1
DA:31,16
DA:33,1
DA:37,20
DA:38,5
DA:39,1
DA:40,4
DA:41,2
DA:42,2
DA:43,1
DA:44,1
DA:45,1
DA:50,20
DA:51,5
DA:52,1
DA:53,4
DA:54,1
DA:55,3
DA:56,1
DA:57,2
DA:58,2
DA:62,20
DA:63,5
DA:64,1
DA:65,4
DA:66,1
DA:67,3
DA:68,2
DA:69,1
DA:70,1
DA:75,3
DA:76,1
DA:77,1
DA:78,1
DA:80,3
DA:81,3
DA:85,20
DA:96,1
LF:52
LH:52
BRDA:11,0,0,1
BRDA:11,0,1,19
BRDA:15,1,0,2
BRDA:15,1,1,17
BRDA:15,2,0,19
BRDA:15,2,1,17
BRDA:15,2,2,17
BRDA:15,2,3,17
BRDA:27,3,0,1
BRDA:27,3,1,16
BRDA:27,4,0,17
BRDA:27,4,1,16
BRDA:27,4,2,16
BRDA:27,4,3,16
BRDA:38,5,0,1
BRDA:38,5,1,4
BRDA:40,6,0,2
BRDA:40,6,1,2
BRDA:42,7,0,1
BRDA:42,7,1,1
BRDA:44,8,0,1
BRDA:44,8,1,0
BRDA:51,9,0,1
BRDA:51,9,1,4
BRDA:53,10,0,1
BRDA:53,10,1,3
BRDA:55,11,0,1
BRDA:55,11,1,2
BRDA:57,12,0,2
BRDA:57,12,1,0
BRDA:63,13,0,1
BRDA:63,13,1,4
BRDA:65,14,0,1
BRDA:65,14,1,3
BRDA:67,15,0,2
BRDA:67,15,1,1
BRDA:69,16,0,1
BRDA:69,16,1,0
BRF:38
BRH:35
end_of_record
